<?xml version="1.0" encoding="UTF-8"?>
<!-- Generated by org.testng.reporters.JUnitReportReporter -->
<testsuite hostname="Vaibhav" failures="0" tests="1" name="com.crm.qa.testcases.Addcustomerblank" time="4.709" errors="0" timestamp="08 Mar 2024 06:59:16 GMT" skipped="0">
  <testcase classname="com.crm.qa.testcases.Addcustomerblank" name="addcustest1" time="4.709"/>
</testsuite> <!-- com.crm.qa.testcases.Addcustomerblank -->
