<?xml version="1.0" encoding="UTF-8"?>
<!-- Generated by org.testng.reporters.JUnitReportReporter -->
<testsuite hostname="Vaibhav" failures="0" tests="1" name="com.crm.qa.testcases.Transactiontest" time="5.036" errors="0" timestamp="09 Mar 2024 15:24:27 GMT" skipped="0">
  <testcase classname="com.crm.qa.testcases.Transactiontest" name="testCustomerActions" time="5.036"/>
</testsuite> <!-- com.crm.qa.testcases.Transactiontest -->
