<?xml version="1.0" encoding="UTF-8"?>
<!-- Generated by org.testng.reporters.JUnitReportReporter -->
<testsuite hostname="Vaibhav" failures="0" tests="1" name="com.crm.qa.testcases.deletetest" time="4.121" errors="0" timestamp="08 Mar 2024 04:46:05 GMT" skipped="0">
  <testcase classname="com.crm.qa.testcases.deletetest" name="testBankCustomer" time="4.121"/>
</testsuite> <!-- com.crm.qa.testcases.deletetest -->
